#
# There is insufficient memory for the Java Runtime Environment to continue.
# Native memory allocation (malloc) failed to allocate 1048576 bytes. Error detail: AllocateHeap
# Possible reasons:
#   The system is out of physical RAM or swap space
#   This process is running with CompressedOops enabled, and the Java Heap may be blocking the growth of the native heap
# Possible solutions:
#   Reduce memory load on the system
#   Increase physical memory or swap space
#   Check if swap backing store is full
#   Decrease Java heap size (-Xmx/-Xms)
#   Decrease number of Java threads
#   Decrease Java thread stack sizes (-Xss)
#   Set larger code cache with -XX:ReservedCodeCacheSize=
#   JVM is running with Unscaled Compressed Oops mode in which the Java heap is
#     placed in the first 4GB address space. The Java Heap base address is the
#     maximum limit for the native heap growth. Please use -XX:HeapBaseMinAddress
#     to set the Java Heap base and to place the Java Heap above 4GB virtual address.
# This output file may be truncated or incomplete.
#
#  Out of Memory Error (allocation.cpp:44), pid=11444, tid=18416
#
# JRE version: OpenJDK Runtime Environment Temurin-21.0.9+10 (21.0.9+10) (build 21.0.9+10-LTS)
# Java VM: OpenJDK 64-Bit Server VM Temurin-21.0.9+10 (21.0.9+10-LTS, mixed mode, sharing, tiered, compressed oops, compressed class ptrs, parallel gc, windows-amd64)
# No core dump will be written. Minidumps are not enabled by default on client versions of Windows
#

---------------  S U M M A R Y ------------

Command Line: --add-modules=ALL-SYSTEM --add-opens=java.base/java.util=ALL-UNNAMED --add-opens=java.base/java.lang=ALL-UNNAMED --add-opens=java.base/sun.nio.fs=ALL-UNNAMED -Declipse.application=org.eclipse.jdt.ls.core.id1 -Dosgi.bundles.defaultStartLevel=4 -Declipse.product=org.eclipse.jdt.ls.core.product -Djava.import.generatesMetadataFilesAtProjectRoot=false -DDetectVMInstallationsJob.disabled=true -Dfile.encoding=utf8 -XX:+UseParallelGC -XX:GCTimeRatio=4 -XX:AdaptiveSizePolicyWeight=90 -Dsun.zip.disableMemoryMapping=true -Xmx2G -Xms100m -Xlog:disable -javaagent:c:\Users\Admin\.vscode\extensions\redhat.java-1.52.0-win32-x64\lombok\lombok-1.18.39-4050.jar -XX:+HeapDumpOnOutOfMemoryError -XX:HeapDumpPath=c:\Users\Admin\AppData\Roaming\Code\User\workspaceStorage\dc31cb80f0d8e16a4af133b50077c522\redhat.java -Daether.dependencyCollector.impl=bf c:\Users\Admin\.vscode\extensions\redhat.java-1.52.0-win32-x64\server\plugins\org.eclipse.equinox.launcher_1.7.100.v20251111-0406.jar -configuration c:\Users\Admin\AppData\Roaming\Code\User\globalStorage\redhat.java\1.52.0\config_win -data c:\Users\Admin\AppData\Roaming\Code\User\workspaceStorage\dc31cb80f0d8e16a4af133b50077c522\redhat.java\jdt_ws --pipe=\\.\pipe\lsp-8117539f7fe6c869ba84c7da2a50b906-sock

Host: 12th Gen Intel(R) Core(TM) i5-12400, 12 cores, 15G,  Windows 10 , 64 bit Build 19041 (10.0.19041.1889)
Time: Sat Jan 31 15:44:24 2026 SE Asia Standard Time elapsed time: 13086.044447 seconds (0d 3h 38m 6s)

---------------  T H R E A D  ---------------

Current thread (0x00000245e1e6d310):  JavaThread "Attach Listener" daemon [_thread_in_vm, id=18416, stack(0x000000ff85f00000,0x000000ff86000000) (1024K)]

Stack: [0x000000ff85f00000,0x000000ff86000000]
Native frames: (J=compiled Java code, j=interpreted, Vv=VM code, C=native code)
V  [jvm.dll+0x6d6e29]
V  [jvm.dll+0x8b4b76]
V  [jvm.dll+0x8b712e]
V  [jvm.dll+0x8b7813]
V  [jvm.dll+0x283d86]
V  [jvm.dll+0xc1277]
V  [jvm.dll+0x6d76d9]
V  [jvm.dll+0x133466]
V  [jvm.dll+0x3f7ea6]
V  [jvm.dll+0x85e9ad]
V  [jvm.dll+0x6d565d]
C  [ucrtbase.dll+0x21bb2]
C  [KERNEL32.DLL+0x17034]
C  [ntdll.dll+0x526a1]


---------------  P R O C E S S  ---------------

Threads class SMR info:
_java_thread_list=0x00000245ed210540, length=39, elements={
0x00000245c8fe4520, 0x00000245e1e684c0, 0x00000245e1e69a60, 0x00000245e1e6c6c0,
0x00000245e1e6d310, 0x00000245e1e6fe70, 0x00000245e1e71210, 0x00000245e1e75540,
0x00000245e1e7d3c0, 0x00000245e81cb960, 0x00000245e8431200, 0x00000245e8695790,
0x00000245e88a6c90, 0x00000245e8b1b9c0, 0x00000245e8c7d310, 0x00000245e90e24d0,
0x00000245e9307950, 0x00000245e9104c80, 0x00000245e9102bb0, 0x00000245e9103240,
0x00000245e91045f0, 0x00000245e9105310, 0x00000245eb224f90, 0x00000245eb227060,
0x00000245eb225cb0, 0x00000245eb223be0, 0x00000245eb224270, 0x00000245eb226340,
0x00000245eb2269d0, 0x00000245eb220760, 0x00000245eb2200d0, 0x00000245eb221480,
0x00000245eb224900, 0x00000245eb2276f0, 0x00000245eb220df0, 0x00000245eb222ec0,
0x00000245eb222830, 0x00000245eb225620, 0x00000245ec915ac0
}

Java Threads: ( => current thread )
  0x00000245c8fe4520 JavaThread "main"                              [_thread_blocked, id=8976, stack(0x000000ff85800000,0x000000ff85900000) (1024K)]
  0x00000245e1e684c0 JavaThread "Reference Handler"          daemon [_thread_blocked, id=11620, stack(0x000000ff85c00000,0x000000ff85d00000) (1024K)]
  0x00000245e1e69a60 JavaThread "Finalizer"                  daemon [_thread_blocked, id=8872, stack(0x000000ff85d00000,0x000000ff85e00000) (1024K)]
  0x00000245e1e6c6c0 JavaThread "Signal Dispatcher"          daemon [_thread_blocked, id=12556, stack(0x000000ff85e00000,0x000000ff85f00000) (1024K)]
=>0x00000245e1e6d310 JavaThread "Attach Listener"            daemon [_thread_in_vm, id=18416, stack(0x000000ff85f00000,0x000000ff86000000) (1024K)]
  0x00000245e1e6fe70 JavaThread "Service Thread"             daemon [_thread_blocked, id=13128, stack(0x000000ff86000000,0x000000ff86100000) (1024K)]
  0x00000245e1e71210 JavaThread "Monitor Deflation Thread"   daemon [_thread_blocked, id=11744, stack(0x000000ff86100000,0x000000ff86200000) (1024K)]
  0x00000245e1e75540 JavaThread "C2 CompilerThread0"         daemon [_thread_blocked, id=23908, stack(0x000000ff86200000,0x000000ff86300000) (1024K)]
  0x00000245e1e7d3c0 JavaThread "C1 CompilerThread0"         daemon [_thread_blocked, id=6212, stack(0x000000ff86300000,0x000000ff86400000) (1024K)]
  0x00000245e81cb960 JavaThread "Common-Cleaner"             daemon [_thread_blocked, id=22760, stack(0x000000ff86400000,0x000000ff86500000) (1024K)]
  0x00000245e8431200 JavaThread "Notification Thread"        daemon [_thread_blocked, id=9304, stack(0x000000ff86500000,0x000000ff86600000) (1024K)]
  0x00000245e8695790 JavaThread "Active Thread: Equinox Container: 1d4d8786-633d-44ba-8ce7-59cad8f47981"        [_thread_blocked, id=1588, stack(0x000000ff86d00000,0x000000ff86e00000) (1024K)]
  0x00000245e88a6c90 JavaThread "Refresh Thread: Equinox Container: 1d4d8786-633d-44ba-8ce7-59cad8f47981" daemon [_thread_blocked, id=8864, stack(0x000000ff86f00000,0x000000ff87000000) (1024K)]
  0x00000245e8b1b9c0 JavaThread "Framework Event Dispatcher: Equinox Container: 1d4d8786-633d-44ba-8ce7-59cad8f47981" daemon [_thread_blocked, id=7964, stack(0x000000ff87000000,0x000000ff87100000) (1024K)]
  0x00000245e8c7d310 JavaThread "Start Level: Equinox Container: 1d4d8786-633d-44ba-8ce7-59cad8f47981" daemon [_thread_blocked, id=11980, stack(0x000000ff87100000,0x000000ff87200000) (1024K)]
  0x00000245e90e24d0 JavaThread "Bundle File Closer"         daemon [_thread_blocked, id=23224, stack(0x000000ff87400000,0x000000ff87500000) (1024K)]
  0x00000245e9307950 JavaThread "SCR Component Actor"        daemon [_thread_blocked, id=12428, stack(0x000000ff86600000,0x000000ff86700000) (1024K)]
  0x00000245e9104c80 JavaThread "Worker-JM"                         [_thread_blocked, id=12696, stack(0x000000ff87500000,0x000000ff87600000) (1024K)]
  0x00000245e9102bb0 JavaThread "JNA Cleaner"                daemon [_thread_blocked, id=3892, stack(0x000000ff87600000,0x000000ff87700000) (1024K)]
  0x00000245e9103240 JavaThread "Worker-0"                          [_thread_blocked, id=14728, stack(0x000000ff87700000,0x000000ff87800000) (1024K)]
  0x00000245e91045f0 JavaThread "Worker-1"                          [_thread_blocked, id=27356, stack(0x000000ff87800000,0x000000ff87900000) (1024K)]
  0x00000245e9105310 JavaThread "Java indexing"              daemon [_thread_blocked, id=7772, stack(0x000000ff87b00000,0x000000ff87c00000) (1024K)]
  0x00000245eb224f90 JavaThread "Thread-1"                   daemon [_thread_in_native, id=15208, stack(0x000000ff88000000,0x000000ff88100000) (1024K)]
  0x00000245eb227060 JavaThread "Thread-2"                   daemon [_thread_in_native, id=15112, stack(0x000000ff88100000,0x000000ff88200000) (1024K)]
  0x00000245eb225cb0 JavaThread "Thread-3"                   daemon [_thread_in_native, id=22416, stack(0x000000ff88200000,0x000000ff88300000) (1024K)]
  0x00000245eb223be0 JavaThread "Thread-4"                   daemon [_thread_in_native, id=21320, stack(0x000000ff88300000,0x000000ff88400000) (1024K)]
  0x00000245eb224270 JavaThread "Thread-5"                   daemon [_thread_in_native, id=16916, stack(0x000000ff88400000,0x000000ff88500000) (1024K)]
  0x00000245eb226340 JavaThread "Thread-6"                   daemon [_thread_in_native, id=22764, stack(0x000000ff88500000,0x000000ff88600000) (1024K)]
  0x00000245eb2269d0 JavaThread "Thread-7"                   daemon [_thread_in_native, id=17004, stack(0x000000ff88600000,0x000000ff88700000) (1024K)]
  0x00000245eb220760 JavaThread "Thread-8"                   daemon [_thread_in_native, id=26664, stack(0x000000ff88700000,0x000000ff88800000) (1024K)]
  0x00000245eb2200d0 JavaThread "Thread-9"                   daemon [_thread_in_native, id=1916, stack(0x000000ff88800000,0x000000ff88900000) (1024K)]
  0x00000245eb221480 JavaThread "Thread-10"                  daemon [_thread_in_native, id=9604, stack(0x000000ff88900000,0x000000ff88a00000) (1024K)]
  0x00000245eb224900 JavaThread "Thread-11"                  daemon [_thread_in_native, id=27916, stack(0x000000ff88a00000,0x000000ff88b00000) (1024K)]
  0x00000245eb2276f0 JavaThread "Thread-12"                  daemon [_thread_in_native, id=9276, stack(0x000000ff88b00000,0x000000ff88c00000) (1024K)]
  0x00000245eb220df0 JavaThread "Thread-13"                  daemon [_thread_in_native, id=1580, stack(0x000000ff88c00000,0x000000ff88d00000) (1024K)]
  0x00000245eb222ec0 JavaThread "pool-2-thread-1"                   [_thread_blocked, id=14168, stack(0x000000ff88d00000,0x000000ff88e00000) (1024K)]
  0x00000245eb222830 JavaThread "WorkspaceEventsHandler"            [_thread_blocked, id=27620, stack(0x000000ff88e00000,0x000000ff88f00000) (1024K)]
  0x00000245eb225620 JavaThread "pool-1-thread-1"                   [_thread_blocked, id=23864, stack(0x000000ff88f00000,0x000000ff89000000) (1024K)]
  0x00000245ec915ac0 JavaThread "Timer-0"                           [_thread_blocked, id=25944, stack(0x000000ff89100000,0x000000ff89200000) (1024K)]
Total: 39

Other Threads:
  0x00000245e1e49b60 VMThread "VM Thread"                           [id=25016, stack(0x000000ff85b00000,0x000000ff85c00000) (1024K)]
  0x00000245e1d01c40 WatcherThread "VM Periodic Task Thread"        [id=14596, stack(0x000000ff85a00000,0x000000ff85b00000) (1024K)]
  0x00000245cb3d4d70 WorkerThread "GC Thread#0"                     [id=15924, stack(0x000000ff85900000,0x000000ff85a00000) (1024K)]
  0x00000245e86b1940 WorkerThread "GC Thread#1"                     [id=25548, stack(0x000000ff86700000,0x000000ff86800000) (1024K)]
  0x00000245e85764b0 WorkerThread "GC Thread#2"                     [id=19828, stack(0x000000ff86800000,0x000000ff86900000) (1024K)]
  0x00000245e8730bd0 WorkerThread "GC Thread#3"                     [id=17012, stack(0x000000ff86900000,0x000000ff86a00000) (1024K)]
  0x00000245e8717290 WorkerThread "GC Thread#4"                     [id=2760, stack(0x000000ff86a00000,0x000000ff86b00000) (1024K)]
  0x00000245e8717630 WorkerThread "GC Thread#5"                     [id=18112, stack(0x000000ff86b00000,0x000000ff86c00000) (1024K)]
  0x00000245e87179d0 WorkerThread "GC Thread#6"                     [id=13360, stack(0x000000ff86c00000,0x000000ff86d00000) (1024K)]
  0x00000245e8c8e9c0 WorkerThread "GC Thread#7"                     [id=21576, stack(0x000000ff86e00000,0x000000ff86f00000) (1024K)]
  0x00000245e8f9a4c0 WorkerThread "GC Thread#8"                     [id=23688, stack(0x000000ff87200000,0x000000ff87300000) (1024K)]
  0x00000245e90e2130 WorkerThread "GC Thread#9"                     [id=15256, stack(0x000000ff87300000,0x000000ff87400000) (1024K)]
Total: 12

Threads with active compile tasks:
Total: 0

VM state: not at safepoint (normal execution)

VM Mutex/Monitor currently owned by a thread: None

Heap address: 0x0000000080000000, size: 2048 MB, Compressed Oops mode: 32-bit

CDS archive(s) mapped at: [0x0000024580000000-0x0000024580ba0000-0x0000024580ba0000), size 12189696, SharedBaseAddress: 0x0000024580000000, ArchiveRelocationMode: 1.
Compressed class space mapped at: 0x0000024581000000-0x00000245c1000000, reserved size: 1073741824
Narrow klass base: 0x0000024580000000, Narrow klass shift: 0, Narrow klass range: 0x100000000

GC Precious Log:
 CardTable entry size: 512
 CPUs: 12 total, 12 available
 Memory: 16125M
 Large Page Support: Disabled
 NUMA Support: Disabled
 Compressed Oops: Enabled (32-bit)
 Alignments: Space 512K, Generation 512K, Heap 2M
 Heap Min Capacity: 100M
 Heap Initial Capacity: 100M
 Heap Max Capacity: 2G
 Pre-touch: Disabled
 Parallel Workers: 10

Heap:
 PSYoungGen      total 8704K, used 1098K [0x00000000d5580000, 0x00000000d6300000, 0x0000000100000000)
  eden space 8192K, 7% used [0x00000000d5580000,0x00000000d561ab30,0x00000000d5d80000)
  from space 512K, 93% used [0x00000000d6200000,0x00000000d6278010,0x00000000d6280000)
  to   space 512K, 0% used [0x00000000d6280000,0x00000000d6280000,0x00000000d6300000)
 ParOldGen       total 369664K, used 369525K [0x0000000080000000, 0x0000000096900000, 0x00000000d5580000)
  object space 369664K, 99% used [0x0000000080000000,0x00000000968dd438,0x0000000096900000)
 Metaspace       used 71901K, committed 73344K, reserved 1114112K
  class space    used 7903K, committed 8512K, reserved 1048576K

Card table byte_map: [0x00000245cad70000,0x00000245cb180000] _byte_map_base: 0x00000245ca970000

Marking Bits: (ParMarkBitMap*) 0x00007fff518a2460
 Begin Bits: [0x00000245dd880000, 0x00000245df880000)
 End Bits:   [0x00000245df880000, 0x00000245e1880000)

Polling page: 0x00000245c92a0000

Metaspace:

Usage:
  Non-class:     62.50 MB used.
      Class:      7.72 MB used.
       Both:     70.22 MB used.

Virtual space:
  Non-class space:       64.00 MB reserved,      63.31 MB ( 99%) committed,  1 nodes.
      Class space:        1.00 GB reserved,       8.31 MB ( <1%) committed,  1 nodes.
             Both:        1.06 GB reserved,      71.62 MB (  7%) committed. 

Chunk freelists:
   Non-Class:  400.00 KB
       Class:  7.69 MB
        Both:  8.08 MB

MaxMetaspaceSize: unlimited
CompressedClassSpaceSize: 1.00 GB
Initial GC threshold: 21.00 MB
Current GC threshold: 98.12 MB
CDS: on
 - commit_granule_bytes: 65536.
 - commit_granule_words: 8192.
 - virtual_space_node_default_size: 8388608.
 - enlarge_chunks_in_place: 1.
 - use_allocation_guard: 0.


Internal statistics:

num_allocs_failed_limit: 13.
num_arena_births: 1272.
num_arena_deaths: 14.
num_vsnodes_births: 2.
num_vsnodes_deaths: 0.
num_space_committed: 1146.
num_space_uncommitted: 0.
num_chunks_returned_to_freelist: 27.
num_chunks_taken_from_freelist: 4564.
num_chunk_merges: 16.
num_chunk_splits: 2885.
num_chunks_enlarged: 1733.
num_inconsistent_stats: 0.

CodeHeap 'non-profiled nmethods': size=120000Kb used=12007Kb max_used=12007Kb free=107992Kb
 bounds [0x00000245d60a0000, 0x00000245d6c60000, 0x00000245dd5d0000]
CodeHeap 'profiled nmethods': size=120000Kb used=33190Kb max_used=33190Kb free=86809Kb
 bounds [0x00000245ce5d0000, 0x00000245d0640000, 0x00000245d5b00000]
CodeHeap 'non-nmethods': size=5760Kb used=1438Kb max_used=1520Kb free=4321Kb
 bounds [0x00000245d5b00000, 0x00000245d5d70000, 0x00000245d60a0000]
CodeCache: size=245760Kb, used=46635Kb, max_used=46717Kb, free=199122Kb
 total_blobs=14897, nmethods=14152, adapters=647, full_count=0
Compilation: enabled, stopped_count=0, restarted_count=0

Compilation events (20 events):
Event: 7682.222 Thread 0x00000245e1e7d3c0 14933   !   3       org.eclipse.osgi.storage.Storage::save (62 bytes)
Event: 7682.227 Thread 0x00000245e1e7d3c0 nmethod 14933 0x00000245d0632f10 code [0x00000245d0633100, 0x00000245d0633470]
Event: 7682.227 Thread 0x00000245e1e7d3c0 14934   !   3       org.eclipse.osgi.storage.Storage::save0 (246 bytes)
Event: 7682.262 Thread 0x00000245e1e7d3c0 nmethod 14934 0x00000245d0633610 code [0x00000245d0633b20, 0x00000245d0636708]
Event: 7686.772 Thread 0x00000245e1e7d3c0 14935       3       java.util.logging.Logger::getLogger (8 bytes)
Event: 7686.775 Thread 0x00000245e1e7d3c0 nmethod 14935 0x00000245d0637c90 code [0x00000245d0637e60, 0x00000245d0638020]
Event: 7686.775 Thread 0x00000245e1e7d3c0 14936       3       java.util.logging.Logger::getLogger (7 bytes)
Event: 7686.775 Thread 0x00000245e1e7d3c0 nmethod 14936 0x00000245d0638110 code [0x00000245d06382c0, 0x00000245d06383e8]
Event: 7686.775 Thread 0x00000245e1e7d3c0 14937       3       java.util.logging.Logger::demandLogger (36 bytes)
Event: 7686.776 Thread 0x00000245e1e7d3c0 nmethod 14937 0x00000245d0638490 code [0x00000245d0638720, 0x00000245d06391d0]
Event: 8519.615 Thread 0x00000245e1e75540 14938       4       java.util.concurrent.ThreadPoolExecutor::beforeExecute (1 bytes)
Event: 8519.617 Thread 0x00000245e1e75540 nmethod 14938 0x00000245d6c59010 code [0x00000245d6c591a0, 0x00000245d6c59228]
Event: 8629.677 Thread 0x00000245e1e75540 14939       4       java.util.concurrent.ThreadPoolExecutor::afterExecute (1 bytes)
Event: 8629.678 Thread 0x00000245e1e75540 nmethod 14939 0x00000245d6c59310 code [0x00000245d6c594a0, 0x00000245d6c59528]
Event: 9199.921 Thread 0x00000245e1e7d3c0 14940       3       java.util.concurrent.ThreadPoolExecutor::runStateAtLeast (11 bytes)
Event: 9199.921 Thread 0x00000245e1e7d3c0 nmethod 14940 0x00000245d0639610 code [0x00000245d06397a0, 0x00000245d06398e0]
Event: 11210.714 Thread 0x00000245e1e75540 14941       4       java.util.concurrent.locks.AbstractQueuedSynchronizer$ConditionObject::canReacquire (38 bytes)
Event: 11210.714 Thread 0x00000245e1e75540 nmethod 14941 0x00000245d6c59610 code [0x00000245d6c597a0, 0x00000245d6c59880]
Event: 12921.398 Thread 0x00000245e1e75540 14942       4       java.util.concurrent.ScheduledThreadPoolExecutor::canRunInCurrentRunState (61 bytes)
Event: 12921.404 Thread 0x00000245e1e75540 nmethod 14942 0x00000245d6c59990 code [0x00000245d6c59b20, 0x00000245d6c59bf0]

GC Heap History (20 events):
Event: 244.722 GC heap before
{Heap before GC invocations=1723 (full 3):
 PSYoungGen      total 8704K, used 8512K [0x00000000d5580000, 0x00000000d6300000, 0x0000000100000000)
  eden space 8192K, 100% used [0x00000000d5580000,0x00000000d5d80000,0x00000000d5d80000)
  from space 512K, 62% used [0x00000000d6200000,0x00000000d6250020,0x00000000d6280000)
  to   space 512K, 0% used [0x00000000d6280000,0x00000000d6280000,0x00000000d6300000)
 ParOldGen       total 368640K, used 368365K [0x0000000080000000, 0x0000000096800000, 0x00000000d5580000)
  object space 368640K, 99% used [0x0000000080000000,0x00000000967bb418,0x0000000096800000)
 Metaspace       used 71476K, committed 72960K, reserved 1114112K
  class space    used 7874K, committed 8512K, reserved 1048576K
}
Event: 244.724 GC heap after
{Heap after GC invocations=1723 (full 3):
 PSYoungGen      total 8704K, used 288K [0x00000000d5580000, 0x00000000d6300000, 0x0000000100000000)
  eden space 8192K, 0% used [0x00000000d5580000,0x00000000d5580000,0x00000000d5d80000)
  from space 512K, 56% used [0x00000000d6280000,0x00000000d62c8000,0x00000000d6300000)
  to   space 512K, 0% used [0x00000000d6200000,0x00000000d6200000,0x00000000d6280000)
 ParOldGen       total 368640K, used 368509K [0x0000000080000000, 0x0000000096800000, 0x00000000d5580000)
  object space 368640K, 99% used [0x0000000080000000,0x00000000967df438,0x0000000096800000)
 Metaspace       used 71476K, committed 72960K, reserved 1114112K
  class space    used 7874K, committed 8512K, reserved 1048576K
}
Event: 253.391 GC heap before
{Heap before GC invocations=1724 (full 3):
 PSYoungGen      total 8704K, used 8480K [0x00000000d5580000, 0x00000000d6300000, 0x0000000100000000)
  eden space 8192K, 100% used [0x00000000d5580000,0x00000000d5d80000,0x00000000d5d80000)
  from space 512K, 56% used [0x00000000d6280000,0x00000000d62c8000,0x00000000d6300000)
  to   space 512K, 0% used [0x00000000d6200000,0x00000000d6200000,0x00000000d6280000)
 ParOldGen       total 368640K, used 368509K [0x0000000080000000, 0x0000000096800000, 0x00000000d5580000)
  object space 368640K, 99% used [0x0000000080000000,0x00000000967df438,0x0000000096800000)
 Metaspace       used 71493K, committed 72960K, reserved 1114112K
  class space    used 7874K, committed 8512K, reserved 1048576K
}
Event: 253.392 GC heap after
{Heap after GC invocations=1724 (full 3):
 PSYoungGen      total 8704K, used 256K [0x00000000d5580000, 0x00000000d6300000, 0x0000000100000000)
  eden space 8192K, 0% used [0x00000000d5580000,0x00000000d5580000,0x00000000d5d80000)
  from space 512K, 50% used [0x00000000d6200000,0x00000000d6240000,0x00000000d6280000)
  to   space 512K, 0% used [0x00000000d6280000,0x00000000d6280000,0x00000000d6300000)
 ParOldGen       total 368640K, used 368541K [0x0000000080000000, 0x0000000096800000, 0x00000000d5580000)
  object space 368640K, 99% used [0x0000000080000000,0x00000000967e7438,0x0000000096800000)
 Metaspace       used 71493K, committed 72960K, reserved 1114112K
  class space    used 7874K, committed 8512K, reserved 1048576K
}
Event: 266.532 GC heap before
{Heap before GC invocations=1725 (full 3):
 PSYoungGen      total 8704K, used 8448K [0x00000000d5580000, 0x00000000d6300000, 0x0000000100000000)
  eden space 8192K, 100% used [0x00000000d5580000,0x00000000d5d80000,0x00000000d5d80000)
  from space 512K, 50% used [0x00000000d6200000,0x00000000d6240000,0x00000000d6280000)
  to   space 512K, 0% used [0x00000000d6280000,0x00000000d6280000,0x00000000d6300000)
 ParOldGen       total 368640K, used 368541K [0x0000000080000000, 0x0000000096800000, 0x00000000d5580000)
  object space 368640K, 99% used [0x0000000080000000,0x00000000967e7438,0x0000000096800000)
 Metaspace       used 71520K, committed 73024K, reserved 1114112K
  class space    used 7874K, committed 8512K, reserved 1048576K
}
Event: 266.532 GC heap after
{Heap after GC invocations=1725 (full 3):
 PSYoungGen      total 8704K, used 320K [0x00000000d5580000, 0x00000000d6300000, 0x0000000100000000)
  eden space 8192K, 0% used [0x00000000d5580000,0x00000000d5580000,0x00000000d5d80000)
  from space 512K, 62% used [0x00000000d6280000,0x00000000d62d0000,0x00000000d6300000)
  to   space 512K, 0% used [0x00000000d6200000,0x00000000d6200000,0x00000000d6280000)
 ParOldGen       total 368640K, used 368597K [0x0000000080000000, 0x0000000096800000, 0x00000000d5580000)
  object space 368640K, 99% used [0x0000000080000000,0x00000000967f5438,0x0000000096800000)
 Metaspace       used 71520K, committed 73024K, reserved 1114112K
  class space    used 7874K, committed 8512K, reserved 1048576K
}
Event: 266.779 GC heap before
{Heap before GC invocations=1726 (full 3):
 PSYoungGen      total 8704K, used 8512K [0x00000000d5580000, 0x00000000d6300000, 0x0000000100000000)
  eden space 8192K, 100% used [0x00000000d5580000,0x00000000d5d80000,0x00000000d5d80000)
  from space 512K, 62% used [0x00000000d6280000,0x00000000d62d0000,0x00000000d6300000)
  to   space 512K, 0% used [0x00000000d6200000,0x00000000d6200000,0x00000000d6280000)
 ParOldGen       total 368640K, used 368597K [0x0000000080000000, 0x0000000096800000, 0x00000000d5580000)
  object space 368640K, 99% used [0x0000000080000000,0x00000000967f5438,0x0000000096800000)
 Metaspace       used 71536K, committed 73024K, reserved 1114112K
  class space    used 7874K, committed 8512K, reserved 1048576K
}
Event: 266.781 GC heap after
{Heap after GC invocations=1726 (full 3):
 PSYoungGen      total 8704K, used 256K [0x00000000d5580000, 0x00000000d6300000, 0x0000000100000000)
  eden space 8192K, 0% used [0x00000000d5580000,0x00000000d5580000,0x00000000d5d80000)
  from space 512K, 50% used [0x00000000d6200000,0x00000000d6240000,0x00000000d6280000)
  to   space 512K, 0% used [0x00000000d6280000,0x00000000d6280000,0x00000000d6300000)
 ParOldGen       total 369152K, used 368677K [0x0000000080000000, 0x0000000096880000, 0x00000000d5580000)
  object space 369152K, 99% used [0x0000000080000000,0x0000000096809438,0x0000000096880000)
 Metaspace       used 71536K, committed 73024K, reserved 1114112K
  class space    used 7874K, committed 8512K, reserved 1048576K
}
Event: 267.139 GC heap before
{Heap before GC invocations=1727 (full 3):
 PSYoungGen      total 8704K, used 8448K [0x00000000d5580000, 0x00000000d6300000, 0x0000000100000000)
  eden space 8192K, 100% used [0x00000000d5580000,0x00000000d5d80000,0x00000000d5d80000)
  from space 512K, 50% used [0x00000000d6200000,0x00000000d6240000,0x00000000d6280000)
  to   space 512K, 0% used [0x00000000d6280000,0x00000000d6280000,0x00000000d6300000)
 ParOldGen       total 369152K, used 368677K [0x0000000080000000, 0x0000000096880000, 0x00000000d5580000)
  object space 369152K, 99% used [0x0000000080000000,0x0000000096809438,0x0000000096880000)
 Metaspace       used 71557K, committed 73088K, reserved 1114112K
  class space    used 7874K, committed 8512K, reserved 1048576K
}
Event: 267.141 GC heap after
{Heap after GC invocations=1727 (full 3):
 PSYoungGen      total 8704K, used 480K [0x00000000d5580000, 0x00000000d6300000, 0x0000000100000000)
  eden space 8192K, 0% used [0x00000000d5580000,0x00000000d5580000,0x00000000d5d80000)
  from space 512K, 93% used [0x00000000d6280000,0x00000000d62f8000,0x00000000d6300000)
  to   space 1024K, 0% used [0x00000000d6100000,0x00000000d6100000,0x00000000d6200000)
 ParOldGen       total 369152K, used 368765K [0x0000000080000000, 0x0000000096880000, 0x00000000d5580000)
  object space 369152K, 99% used [0x0000000080000000,0x000000009681f438,0x0000000096880000)
 Metaspace       used 71557K, committed 73088K, reserved 1114112K
  class space    used 7874K, committed 8512K, reserved 1048576K
}
Event: 267.885 GC heap before
{Heap before GC invocations=1728 (full 3):
 PSYoungGen      total 8704K, used 8672K [0x00000000d5580000, 0x00000000d6300000, 0x0000000100000000)
  eden space 8192K, 100% used [0x00000000d5580000,0x00000000d5d80000,0x00000000d5d80000)
  from space 512K, 93% used [0x00000000d6280000,0x00000000d62f8000,0x00000000d6300000)
  to   space 1024K, 0% used [0x00000000d6100000,0x00000000d6100000,0x00000000d6200000)
 ParOldGen       total 369152K, used 368765K [0x0000000080000000, 0x0000000096880000, 0x00000000d5580000)
  object space 369152K, 99% used [0x0000000080000000,0x000000009681f438,0x0000000096880000)
 Metaspace       used 71571K, committed 73088K, reserved 1114112K
  class space    used 7874K, committed 8512K, reserved 1048576K
}
Event: 267.885 GC heap after
{Heap after GC invocations=1728 (full 3):
 PSYoungGen      total 9216K, used 320K [0x00000000d5580000, 0x00000000d6300000, 0x0000000100000000)
  eden space 8192K, 0% used [0x00000000d5580000,0x00000000d5580000,0x00000000d5d80000)
  from space 1024K, 31% used [0x00000000d6100000,0x00000000d6150000,0x00000000d6200000)
  to   space 512K, 0% used [0x00000000d6280000,0x00000000d6280000,0x00000000d6300000)
 ParOldGen       total 369152K, used 368965K [0x0000000080000000, 0x0000000096880000, 0x00000000d5580000)
  object space 369152K, 99% used [0x0000000080000000,0x0000000096851438,0x0000000096880000)
 Metaspace       used 71571K, committed 73088K, reserved 1114112K
  class space    used 7874K, committed 8512K, reserved 1048576K
}
Event: 464.472 GC heap before
{Heap before GC invocations=1729 (full 3):
 PSYoungGen      total 9216K, used 8480K [0x00000000d5580000, 0x00000000d6300000, 0x0000000100000000)
  eden space 8192K, 99% used [0x00000000d5580000,0x00000000d5d781c0,0x00000000d5d80000)
  from space 1024K, 31% used [0x00000000d6100000,0x00000000d6150000,0x00000000d6200000)
  to   space 512K, 0% used [0x00000000d6280000,0x00000000d6280000,0x00000000d6300000)
 ParOldGen       total 369152K, used 368965K [0x0000000080000000, 0x0000000096880000, 0x00000000d5580000)
  object space 369152K, 99% used [0x0000000080000000,0x0000000096851438,0x0000000096880000)
 Metaspace       used 71642K, committed 73088K, reserved 1114112K
  class space    used 7886K, committed 8512K, reserved 1048576K
}
Event: 464.477 GC heap after
{Heap after GC invocations=1729 (full 3):
 PSYoungGen      total 8704K, used 482K [0x00000000d5580000, 0x00000000d6300000, 0x0000000100000000)
  eden space 8192K, 0% used [0x00000000d5580000,0x00000000d5580000,0x00000000d5d80000)
  from space 512K, 94% used [0x00000000d6280000,0x00000000d62f8a80,0x00000000d6300000)
  to   space 1024K, 0% used [0x00000000d6100000,0x00000000d6100000,0x00000000d6200000)
 ParOldGen       total 369152K, used 369101K [0x0000000080000000, 0x0000000096880000, 0x00000000d5580000)
  object space 369152K, 99% used [0x0000000080000000,0x0000000096873438,0x0000000096880000)
 Metaspace       used 71642K, committed 73088K, reserved 1114112K
  class space    used 7886K, committed 8512K, reserved 1048576K
}
Event: 464.565 GC heap before
{Heap before GC invocations=1730 (full 3):
 PSYoungGen      total 8704K, used 8674K [0x00000000d5580000, 0x00000000d6300000, 0x0000000100000000)
  eden space 8192K, 100% used [0x00000000d5580000,0x00000000d5d80000,0x00000000d5d80000)
  from space 512K, 94% used [0x00000000d6280000,0x00000000d62f8a80,0x00000000d6300000)
  to   space 1024K, 0% used [0x00000000d6100000,0x00000000d6100000,0x00000000d6200000)
 ParOldGen       total 369152K, used 369101K [0x0000000080000000, 0x0000000096880000, 0x00000000d5580000)
  object space 369152K, 99% used [0x0000000080000000,0x0000000096873438,0x0000000096880000)
 Metaspace       used 71796K, committed 73280K, reserved 1114112K
  class space    used 7899K, committed 8512K, reserved 1048576K
}
Event: 464.567 GC heap after
{Heap after GC invocations=1730 (full 3):
 PSYoungGen      total 9216K, used 256K [0x00000000d5580000, 0x00000000d6300000, 0x0000000100000000)
  eden space 8192K, 0% used [0x00000000d5580000,0x00000000d5580000,0x00000000d5d80000)
  from space 1024K, 25% used [0x00000000d6100000,0x00000000d6140000,0x00000000d6200000)
  to   space 512K, 0% used [0x00000000d6280000,0x00000000d6280000,0x00000000d6300000)
 ParOldGen       total 369664K, used 369405K [0x0000000080000000, 0x0000000096900000, 0x00000000d5580000)
  object space 369664K, 99% used [0x0000000080000000,0x00000000968bf438,0x0000000096900000)
 Metaspace       used 71796K, committed 73280K, reserved 1114112K
  class space    used 7899K, committed 8512K, reserved 1048576K
}
Event: 464.785 GC heap before
{Heap before GC invocations=1731 (full 3):
 PSYoungGen      total 9216K, used 8448K [0x00000000d5580000, 0x00000000d6300000, 0x0000000100000000)
  eden space 8192K, 100% used [0x00000000d5580000,0x00000000d5d80000,0x00000000d5d80000)
  from space 1024K, 25% used [0x00000000d6100000,0x00000000d6140000,0x00000000d6200000)
  to   space 512K, 0% used [0x00000000d6280000,0x00000000d6280000,0x00000000d6300000)
 ParOldGen       total 369664K, used 369405K [0x0000000080000000, 0x0000000096900000, 0x00000000d5580000)
  object space 369664K, 99% used [0x0000000080000000,0x00000000968bf438,0x0000000096900000)
 Metaspace       used 71833K, committed 73344K, reserved 1114112K
  class space    used 7903K, committed 8512K, reserved 1048576K
}
Event: 464.786 GC heap after
{Heap after GC invocations=1731 (full 3):
 PSYoungGen      total 8704K, used 224K [0x00000000d5580000, 0x00000000d6300000, 0x0000000100000000)
  eden space 8192K, 0% used [0x00000000d5580000,0x00000000d5580000,0x00000000d5d80000)
  from space 512K, 43% used [0x00000000d6280000,0x00000000d62b8000,0x00000000d6300000)
  to   space 512K, 0% used [0x00000000d6200000,0x00000000d6200000,0x00000000d6280000)
 ParOldGen       total 369664K, used 369453K [0x0000000080000000, 0x0000000096900000, 0x00000000d5580000)
  object space 369664K, 99% used [0x0000000080000000,0x00000000968cb438,0x0000000096900000)
 Metaspace       used 71833K, committed 73344K, reserved 1114112K
  class space    used 7903K, committed 8512K, reserved 1048576K
}
Event: 12003.987 GC heap before
{Heap before GC invocations=1732 (full 3):
 PSYoungGen      total 8704K, used 8416K [0x00000000d5580000, 0x00000000d6300000, 0x0000000100000000)
  eden space 8192K, 100% used [0x00000000d5580000,0x00000000d5d80000,0x00000000d5d80000)
  from space 512K, 43% used [0x00000000d6280000,0x00000000d62b8000,0x00000000d6300000)
  to   space 512K, 0% used [0x00000000d6200000,0x00000000d6200000,0x00000000d6280000)
 ParOldGen       total 369664K, used 369453K [0x0000000080000000, 0x0000000096900000, 0x00000000d5580000)
  object space 369664K, 99% used [0x0000000080000000,0x00000000968cb438,0x0000000096900000)
 Metaspace       used 71901K, committed 73344K, reserved 1114112K
  class space    used 7903K, committed 8512K, reserved 1048576K
}
Event: 12004.265 GC heap after
{Heap after GC invocations=1732 (full 3):
 PSYoungGen      total 8704K, used 480K [0x00000000d5580000, 0x00000000d6300000, 0x0000000100000000)
  eden space 8192K, 0% used [0x00000000d5580000,0x00000000d5580000,0x00000000d5d80000)
  from space 512K, 93% used [0x00000000d6200000,0x00000000d6278010,0x00000000d6280000)
  to   space 512K, 0% used [0x00000000d6280000,0x00000000d6280000,0x00000000d6300000)
 ParOldGen       total 369664K, used 369525K [0x0000000080000000, 0x0000000096900000, 0x00000000d5580000)
  object space 369664K, 99% used [0x0000000080000000,0x00000000968dd438,0x0000000096900000)
 Metaspace       used 71901K, committed 73344K, reserved 1114112K
  class space    used 7903K, committed 8512K, reserved 1048576K
}

Dll operation events (13 events):
Event: 0.005 Loaded shared library c:\Users\Admin\.vscode\extensions\redhat.java-1.52.0-win32-x64\jre\21.0.9-win32-x86_64\bin\java.dll
Event: 0.070 Loaded shared library c:\Users\Admin\.vscode\extensions\redhat.java-1.52.0-win32-x64\jre\21.0.9-win32-x86_64\bin\zip.dll
Event: 0.093 Loaded shared library C:\Users\Admin\.vscode\extensions\redhat.java-1.52.0-win32-x64\jre\21.0.9-win32-x86_64\bin\instrument.dll
Event: 0.096 Loaded shared library C:\Users\Admin\.vscode\extensions\redhat.java-1.52.0-win32-x64\jre\21.0.9-win32-x86_64\bin\net.dll
Event: 0.097 Loaded shared library C:\Users\Admin\.vscode\extensions\redhat.java-1.52.0-win32-x64\jre\21.0.9-win32-x86_64\bin\nio.dll
Event: 0.099 Loaded shared library C:\Users\Admin\.vscode\extensions\redhat.java-1.52.0-win32-x64\jre\21.0.9-win32-x86_64\bin\zip.dll
Event: 0.110 Loaded shared library C:\Users\Admin\.vscode\extensions\redhat.java-1.52.0-win32-x64\jre\21.0.9-win32-x86_64\bin\jimage.dll
Event: 0.154 Loaded shared library c:\Users\Admin\.vscode\extensions\redhat.java-1.52.0-win32-x64\jre\21.0.9-win32-x86_64\bin\verify.dll
Event: 1.006 Loaded shared library C:\Users\Admin\AppData\Roaming\Code\User\globalStorage\redhat.java\1.52.0\config_win\org.eclipse.equinox.launcher\org.eclipse.equinox.launcher.win32.win32.x86_64_1.2.1500.v20260121-1430\eclipse_11919.dll
Event: 2.511 Loaded shared library C:\Users\Admin\AppData\Local\Temp\jna-63116079\jna10407556534999096462.dll
Event: 9.991 Loaded shared library C:\Users\Admin\.gradle\native\1def1411415f61bf3af743bc5b6707747c0891f09f0c88961ee8f79bc544acac\windows-amd64\native-platform.dll
Event: 11.126 Loaded shared library C:\Users\Admin\.vscode\extensions\redhat.java-1.52.0-win32-x64\jre\21.0.9-win32-x86_64\bin\management.dll
Event: 11.129 Loaded shared library C:\Users\Admin\.vscode\extensions\redhat.java-1.52.0-win32-x64\jre\21.0.9-win32-x86_64\bin\management_ext.dll

Deoptimization events (20 events):
Event: 464.573 Thread 0x00000245e91045f0 Uncommon trap: trap_request=0xffffffc6 fr.pc=0x00000245d68c9f4c relative=0x0000000000000b0c
Event: 464.573 Thread 0x00000245e91045f0 Uncommon trap: reason=bimorphic_or_optimized_type_check action=maybe_recompile pc=0x00000245d68c9f4c method=java.io.DataOutputStream.writeInt(I)V @ 19 c2
Event: 464.573 Thread 0x00000245e91045f0 DEOPT PACKING pc=0x00000245d68c9f4c sp=0x000000ff878fea80
Event: 464.573 Thread 0x00000245e91045f0 DEOPT UNPACKING pc=0x00000245d5b53aa2 sp=0x000000ff878fea78 mode 2
Event: 464.573 Thread 0x00000245e91045f0 Uncommon trap: trap_request=0xffffffc6 fr.pc=0x00000245d68c9f4c relative=0x0000000000000b0c
Event: 464.573 Thread 0x00000245e91045f0 Uncommon trap: reason=bimorphic_or_optimized_type_check action=maybe_recompile pc=0x00000245d68c9f4c method=java.io.DataOutputStream.writeInt(I)V @ 19 c2
Event: 464.573 Thread 0x00000245e91045f0 DEOPT PACKING pc=0x00000245d68c9f4c sp=0x000000ff878fea10
Event: 464.573 Thread 0x00000245e91045f0 DEOPT UNPACKING pc=0x00000245d5b53aa2 sp=0x000000ff878fea08 mode 2
Event: 464.573 Thread 0x00000245e91045f0 Uncommon trap: trap_request=0xffffffde fr.pc=0x00000245d68c4394 relative=0x00000000000009b4
Event: 464.573 Thread 0x00000245e91045f0 Uncommon trap: reason=class_check action=maybe_recompile pc=0x00000245d68c4394 method=java.io.DataOutputStream.write([BII)V @ 7 c2
Event: 464.573 Thread 0x00000245e91045f0 DEOPT PACKING pc=0x00000245d68c4394 sp=0x000000ff878feb40
Event: 464.573 Thread 0x00000245e91045f0 DEOPT UNPACKING pc=0x00000245d5b53aa2 sp=0x000000ff878fea70 mode 2
Event: 464.574 Thread 0x00000245e91045f0 Uncommon trap: trap_request=0xffffffde fr.pc=0x00000245d6c25f9c relative=0x0000000000000d9c
Event: 464.574 Thread 0x00000245e91045f0 Uncommon trap: reason=class_check action=maybe_recompile pc=0x00000245d6c25f9c method=java.io.DataOutputStream.write([BII)V @ 7 c2
Event: 464.574 Thread 0x00000245e91045f0 DEOPT PACKING pc=0x00000245d6c25f9c sp=0x000000ff878fea80
Event: 464.574 Thread 0x00000245e91045f0 DEOPT UNPACKING pc=0x00000245d5b53aa2 sp=0x000000ff878fe9c0 mode 2
Event: 464.659 Thread 0x00000245e91045f0 Uncommon trap: trap_request=0xffffff45 fr.pc=0x00000245d6be3a78 relative=0x00000000000007f8
Event: 464.659 Thread 0x00000245e91045f0 Uncommon trap: reason=unstable_if action=reinterpret pc=0x00000245d6be3a78 method=java.io.InputStream.read([BII)I @ 52 c2
Event: 464.659 Thread 0x00000245e91045f0 DEOPT PACKING pc=0x00000245d6be3a78 sp=0x000000ff878fed20
Event: 464.659 Thread 0x00000245e91045f0 DEOPT UNPACKING pc=0x00000245d5b53aa2 sp=0x000000ff878fecb0 mode 2

Classes loaded (20 events):
Event: 464.393 Loading class java/util/stream/Nodes$CollectorTask$OfRef
Event: 464.394 Loading class java/util/stream/Nodes$CollectorTask
Event: 464.461 Loading class java/util/stream/Nodes$CollectorTask done
Event: 464.461 Loading class java/util/stream/Nodes$CollectorTask$OfRef done
Event: 464.465 Loading class java/util/function/LongFunction
Event: 464.466 Loading class java/util/function/LongFunction done
Event: 464.467 Loading class java/util/stream/Nodes$ConcNode
Event: 464.468 Loading class java/util/stream/Nodes$AbstractConcNode
Event: 464.468 Loading class java/util/stream/Nodes$AbstractConcNode done
Event: 464.468 Loading class java/util/stream/Nodes$ConcNode done
Event: 464.513 Loading class java/util/stream/Nodes$ToArrayTask$OfRef
Event: 464.514 Loading class java/util/stream/Nodes$ToArrayTask
Event: 464.514 Loading class java/util/stream/Nodes$ToArrayTask done
Event: 464.514 Loading class java/util/stream/Nodes$ToArrayTask$OfRef done
Event: 464.522 Loading class java/io/ObjectOutputStream$BlockDataOutputStream
Event: 464.523 Loading class java/io/ObjectOutputStream$BlockDataOutputStream done
Event: 464.523 Loading class java/io/ObjectOutputStream$HandleTable
Event: 464.523 Loading class java/io/ObjectOutputStream$HandleTable done
Event: 464.523 Loading class java/io/ObjectOutputStream$ReplaceTable
Event: 464.524 Loading class java/io/ObjectOutputStream$ReplaceTable done

Classes unloaded (7 events):
Event: 3.998 Thread 0x00000245e1e49b60 Unloading class 0x00000245811aec00 'java/lang/invoke/LambdaForm$MH+0x00000245811aec00'
Event: 3.998 Thread 0x00000245e1e49b60 Unloading class 0x00000245811ae800 'java/lang/invoke/LambdaForm$MH+0x00000245811ae800'
Event: 3.998 Thread 0x00000245e1e49b60 Unloading class 0x00000245811ae400 'java/lang/invoke/LambdaForm$MH+0x00000245811ae400'
Event: 3.998 Thread 0x00000245e1e49b60 Unloading class 0x00000245811ae000 'java/lang/invoke/LambdaForm$MH+0x00000245811ae000'
Event: 3.998 Thread 0x00000245e1e49b60 Unloading class 0x00000245811adc00 'java/lang/invoke/LambdaForm$BMH+0x00000245811adc00'
Event: 3.998 Thread 0x00000245e1e49b60 Unloading class 0x00000245811ad800 'java/lang/invoke/LambdaForm$DMH+0x00000245811ad800'
Event: 3.998 Thread 0x00000245e1e49b60 Unloading class 0x00000245811ac400 'java/lang/invoke/LambdaForm$DMH+0x00000245811ac400'

Classes redefined (0 events):
No events

Internal exceptions (20 events):
Event: 464.504 Thread 0x00000245e91045f0 Exception <a 'sun/nio/fs/WindowsException'{0x00000000d563cbf8}> (0x00000000d563cbf8) 
thrown [s\src\hotspot\share\prims\jni.cpp, line 520]
Event: 464.504 Thread 0x00000245e91045f0 Exception <a 'sun/nio/fs/WindowsException'{0x00000000d563d390}> (0x00000000d563d390) 
thrown [s\src\hotspot\share\prims\jni.cpp, line 520]
Event: 464.504 Thread 0x00000245e91045f0 Exception <a 'sun/nio/fs/WindowsException'{0x00000000d563e7e8}> (0x00000000d563e7e8) 
thrown [s\src\hotspot\share\prims\jni.cpp, line 520]
Event: 464.504 Thread 0x00000245e91045f0 Exception <a 'sun/nio/fs/WindowsException'{0x00000000d563ef80}> (0x00000000d563ef80) 
thrown [s\src\hotspot\share\prims\jni.cpp, line 520]
Event: 464.505 Thread 0x00000245e91045f0 Exception <a 'sun/nio/fs/WindowsException'{0x00000000d56402d0}> (0x00000000d56402d0) 
thrown [s\src\hotspot\share\prims\jni.cpp, line 520]
Event: 464.505 Thread 0x00000245e91045f0 Exception <a 'sun/nio/fs/WindowsException'{0x00000000d5640a00}> (0x00000000d5640a00) 
thrown [s\src\hotspot\share\prims\jni.cpp, line 520]
Event: 464.505 Thread 0x00000245e91045f0 Exception <a 'sun/nio/fs/WindowsException'{0x00000000d5641df0}> (0x00000000d5641df0) 
thrown [s\src\hotspot\share\prims\jni.cpp, line 520]
Event: 464.505 Thread 0x00000245e91045f0 Exception <a 'sun/nio/fs/WindowsException'{0x00000000d5642588}> (0x00000000d5642588) 
thrown [s\src\hotspot\share\prims\jni.cpp, line 520]
Event: 464.505 Thread 0x00000245e91045f0 Exception <a 'sun/nio/fs/WindowsException'{0x00000000d5643b20}> (0x00000000d5643b20) 
thrown [s\src\hotspot\share\prims\jni.cpp, line 520]
Event: 464.505 Thread 0x00000245e91045f0 Exception <a 'sun/nio/fs/WindowsException'{0x00000000d5644250}> (0x00000000d5644250) 
thrown [s\src\hotspot\share\prims\jni.cpp, line 520]
Event: 464.505 Thread 0x00000245e91045f0 Exception <a 'sun/nio/fs/WindowsException'{0x00000000d5645538}> (0x00000000d5645538) 
thrown [s\src\hotspot\share\prims\jni.cpp, line 520]
Event: 464.505 Thread 0x00000245e91045f0 Exception <a 'sun/nio/fs/WindowsException'{0x00000000d5645c68}> (0x00000000d5645c68) 
thrown [s\src\hotspot\share\prims\jni.cpp, line 520]
Event: 464.505 Thread 0x00000245e91045f0 Exception <a 'sun/nio/fs/WindowsException'{0x00000000d5646f98}> (0x00000000d5646f98) 
thrown [s\src\hotspot\share\prims\jni.cpp, line 520]
Event: 464.505 Thread 0x00000245e91045f0 Exception <a 'sun/nio/fs/WindowsException'{0x00000000d5647730}> (0x00000000d5647730) 
thrown [s\src\hotspot\share\prims\jni.cpp, line 520]
Event: 464.506 Thread 0x00000245e91045f0 Exception <a 'sun/nio/fs/WindowsException'{0x00000000d5649e68}> (0x00000000d5649e68) 
thrown [s\src\hotspot\share\prims\jni.cpp, line 520]
Event: 464.506 Thread 0x00000245e91045f0 Exception <a 'sun/nio/fs/WindowsException'{0x00000000d564a600}> (0x00000000d564a600) 
thrown [s\src\hotspot\share\prims\jni.cpp, line 520]
Event: 464.506 Thread 0x00000245e91045f0 Exception <a 'sun/nio/fs/WindowsException'{0x00000000d564bca0}> (0x00000000d564bca0) 
thrown [s\src\hotspot\share\prims\jni.cpp, line 520]
Event: 464.506 Thread 0x00000245e91045f0 Exception <a 'sun/nio/fs/WindowsException'{0x00000000d564c438}> (0x00000000d564c438) 
thrown [s\src\hotspot\share\prims\jni.cpp, line 520]
Event: 464.507 Thread 0x00000245e91045f0 Implicit null exception at 0x00000245d68dbe03 to 0x00000245d68dc080
Event: 464.580 Thread 0x00000245e91045f0 Exception <a 'java/lang/NoSuchMethodError'{0x00000000d578e380}: 'java.lang.Object java.lang.invoke.DirectMethodHandle$Holder.newInvokeSpecial(java.lang.Object, java.lang.Object, java.lang.Object, java.lang.Object, java.lang.Object, java.lang.Object, java.lang.Object, java.lang.Object)'> (0x00000000d578e380) 
thrown [s\src\hotspot\share\interpreter\linkResolver.cpp, line 773]

ZGC Phase Switch (0 events):
No events

VM Operations (20 events):
Event: 7937.675 Executing VM operation: RendezvousGCThreads
Event: 7937.675 Executing VM operation: RendezvousGCThreads done
Event: 9320.231 Executing VM operation: HandshakeAllThreads (HandshakeForDeflation)
Event: 9320.231 Executing VM operation: HandshakeAllThreads (HandshakeForDeflation) done
Event: 9320.231 Executing VM operation: RendezvousGCThreads
Event: 9320.231 Executing VM operation: RendezvousGCThreads done
Event: 9380.285 Executing VM operation: HandshakeAllThreads (HandshakeForDeflation)
Event: 9380.285 Executing VM operation: HandshakeAllThreads (HandshakeForDeflation) done
Event: 9380.285 Executing VM operation: RendezvousGCThreads
Event: 9380.285 Executing VM operation: RendezvousGCThreads done
Event: 10101.471 Executing VM operation: HandshakeAllThreads (HandshakeForDeflation)
Event: 10101.471 Executing VM operation: HandshakeAllThreads (HandshakeForDeflation) done
Event: 10101.471 Executing VM operation: RendezvousGCThreads
Event: 10101.471 Executing VM operation: RendezvousGCThreads done
Event: 10462.159 Executing VM operation: HandshakeAllThreads (HandshakeForDeflation)
Event: 10462.159 Executing VM operation: HandshakeAllThreads (HandshakeForDeflation) done
Event: 10462.159 Executing VM operation: RendezvousGCThreads
Event: 10462.159 Executing VM operation: RendezvousGCThreads done
Event: 12003.987 Executing VM operation: ParallelGCFailedAllocation (Allocation Failure)
Event: 12004.265 Executing VM operation: ParallelGCFailedAllocation (Allocation Failure) done

Memory protections (0 events):
No events

Nmethod flushes (20 events):
Event: 17.668 Thread 0x00000245e1e49b60 flushing  nmethod 0x00000245cef53710
Event: 17.668 Thread 0x00000245e1e49b60 flushing  nmethod 0x00000245cef54c90
Event: 17.668 Thread 0x00000245e1e49b60 flushing  nmethod 0x00000245cef73a10
Event: 17.668 Thread 0x00000245e1e49b60 flushing  nmethod 0x00000245cef73e90
Event: 17.668 Thread 0x00000245e1e49b60 flushing  nmethod 0x00000245cef74410
Event: 17.668 Thread 0x00000245e1e49b60 flushing  nmethod 0x00000245cef74910
Event: 17.668 Thread 0x00000245e1e49b60 flushing  nmethod 0x00000245cef74c90
Event: 17.668 Thread 0x00000245e1e49b60 flushing  nmethod 0x00000245cef75290
Event: 17.668 Thread 0x00000245e1e49b60 flushing  nmethod 0x00000245cef75b10
Event: 17.668 Thread 0x00000245e1e49b60 flushing  nmethod 0x00000245cef77190
Event: 17.668 Thread 0x00000245e1e49b60 flushing  nmethod 0x00000245cef77990
Event: 17.668 Thread 0x00000245e1e49b60 flushing  nmethod 0x00000245cef89a90
Event: 17.668 Thread 0x00000245e1e49b60 flushing  nmethod 0x00000245cefa7390
Event: 17.668 Thread 0x00000245e1e49b60 flushing  nmethod 0x00000245cefabe90
Event: 17.668 Thread 0x00000245e1e49b60 flushing  nmethod 0x00000245cefac490
Event: 17.668 Thread 0x00000245e1e49b60 flushing osr nmethod 0x00000245cefdbd10
Event: 17.668 Thread 0x00000245e1e49b60 flushing  nmethod 0x00000245cefe2190
Event: 17.668 Thread 0x00000245e1e49b60 flushing  nmethod 0x00000245cefe3090
Event: 17.668 Thread 0x00000245e1e49b60 flushing  nmethod 0x00000245cefe3e10
Event: 17.668 Thread 0x00000245e1e49b60 flushing  nmethod 0x00000245cefe4210

Events (20 events):
Event: 468.531 Thread 0x00000245e8e3b8b0 Thread exited: 0x00000245e8e3b8b0
Event: 468.532 Thread 0x00000245ec91b820 Thread exited: 0x00000245ec91b820
Event: 468.532 Thread 0x00000245e8e41490 Thread exited: 0x00000245e8e41490
Event: 468.532 Thread 0x00000245e8e41b20 Thread exited: 0x00000245e8e41b20
Event: 468.532 Thread 0x00000245e8e3c5d0 Thread exited: 0x00000245e8e3c5d0
Event: 468.532 Thread 0x00000245e8e3f3c0 Thread exited: 0x00000245e8e3f3c0
Event: 468.532 Thread 0x00000245e8e3e6a0 Thread exited: 0x00000245e8e3e6a0
Event: 508.243 Thread 0x00000245ec910c00 Thread exited: 0x00000245ec910c00
Event: 527.620 Thread 0x00000245ec916150 Thread exited: 0x00000245ec916150
Event: 568.245 Thread 0x00000245ebf66320 Thread exited: 0x00000245ebf66320
Event: 587.619 Thread 0x00000245ec914080 Thread exited: 0x00000245ec914080
Event: 628.250 Thread 0x00000245ebf65600 Thread exited: 0x00000245ebf65600
Event: 647.620 Thread 0x00000245ec90f850 Thread exited: 0x00000245ec90f850
Event: 688.252 Thread 0x00000245ebf65c90 Thread exited: 0x00000245ebf65c90
Event: 707.620 Thread 0x00000245ec912640 Thread exited: 0x00000245ec912640
Event: 748.252 Thread 0x00000245e91038d0 Thread exited: 0x00000245e91038d0
Event: 808.270 Thread 0x00000245ebf64f70 Thread exited: 0x00000245ebf64f70
Event: 868.270 Thread 0x00000245ebf67040 Thread exited: 0x00000245ebf67040
Event: 928.278 Thread 0x00000245eb223550 Thread exited: 0x00000245eb223550
Event: 988.279 Thread 0x00000245e9106030 Thread exited: 0x00000245e9106030


Dynamic libraries:
0x00007ff630d40000 - 0x00007ff630d4e000 	c:\Users\Admin\.vscode\extensions\redhat.java-1.52.0-win32-x64\jre\21.0.9-win32-x86_64\bin\java.exe
0x00007fff95050000 - 0x00007fff95248000 	C:\Windows\SYSTEM32\ntdll.dll
0x00007fff931f0000 - 0x00007fff932ad000 	C:\Windows\System32\KERNEL32.DLL
0x00007fff92c30000 - 0x00007fff92efe000 	C:\Windows\System32\KERNELBASE.dll
0x00007fff92f00000 - 0x00007fff93000000 	C:\Windows\System32\ucrtbase.dll
0x00007fff72de0000 - 0x00007fff72df8000 	c:\Users\Admin\.vscode\extensions\redhat.java-1.52.0-win32-x64\jre\21.0.9-win32-x86_64\bin\jli.dll
0x00007fff93bd0000 - 0x00007fff93d70000 	C:\Windows\System32\USER32.dll
0x00007fff92ac0000 - 0x00007fff92ae2000 	C:\Windows\System32\win32u.dll
0x00007fff93320000 - 0x00007fff9334a000 	C:\Windows\System32\GDI32.dll
0x00007fff92b20000 - 0x00007fff92c2b000 	C:\Windows\System32\gdi32full.dll
0x00007fff929d0000 - 0x00007fff92a6d000 	C:\Windows\System32\msvcp_win.dll
0x00007fff729b0000 - 0x00007fff729ce000 	c:\Users\Admin\.vscode\extensions\redhat.java-1.52.0-win32-x64\jre\21.0.9-win32-x86_64\bin\VCRUNTIME140.dll
0x00007fff7d210000 - 0x00007fff7d4aa000 	C:\Windows\WinSxS\amd64_microsoft.windows.common-controls_6595b64144ccf1df_6.0.19041.1110_none_60b5254171f9507e\COMCTL32.dll
0x00007fff94f70000 - 0x00007fff9500e000 	C:\Windows\System32\msvcrt.dll
0x00007fff93b80000 - 0x00007fff93bb0000 	C:\Windows\System32\IMM32.DLL
0x00007fff80270000 - 0x00007fff8027c000 	c:\Users\Admin\.vscode\extensions\redhat.java-1.52.0-win32-x64\jre\21.0.9-win32-x86_64\bin\vcruntime140_1.dll
0x00007fff68430000 - 0x00007fff684bd000 	c:\Users\Admin\.vscode\extensions\redhat.java-1.52.0-win32-x64\jre\21.0.9-win32-x86_64\bin\msvcp140.dll
0x00007fff50be0000 - 0x00007fff51980000 	c:\Users\Admin\.vscode\extensions\redhat.java-1.52.0-win32-x64\jre\21.0.9-win32-x86_64\bin\server\jvm.dll
0x00007fff93ff0000 - 0x00007fff9409e000 	C:\Windows\System32\ADVAPI32.dll
0x00007fff94590000 - 0x00007fff9462c000 	C:\Windows\System32\sechost.dll
0x00007fff939f0000 - 0x00007fff93b15000 	C:\Windows\System32\RPCRT4.dll
0x00007fff938f0000 - 0x00007fff9395b000 	C:\Windows\System32\WS2_32.dll
0x00007fff91e30000 - 0x00007fff91e7b000 	C:\Windows\SYSTEM32\POWRPROF.dll
0x00007fff86ab0000 - 0x00007fff86ad7000 	C:\Windows\SYSTEM32\WINMM.dll
0x00007fff7dd20000 - 0x00007fff7dd2a000 	C:\Windows\SYSTEM32\VERSION.dll
0x00007fff91d30000 - 0x00007fff91d42000 	C:\Windows\SYSTEM32\UMPDC.dll
0x00007fff905a0000 - 0x00007fff905b2000 	C:\Windows\SYSTEM32\kernel.appcore.dll
0x00007fff7fbf0000 - 0x00007fff7fbfa000 	c:\Users\Admin\.vscode\extensions\redhat.java-1.52.0-win32-x64\jre\21.0.9-win32-x86_64\bin\jimage.dll
0x00007fff7d610000 - 0x00007fff7d7f4000 	C:\Windows\SYSTEM32\DBGHELP.DLL
0x00007fff7ab10000 - 0x00007fff7ab3c000 	C:\Windows\SYSTEM32\dbgcore.DLL
0x00007fff92940000 - 0x00007fff929c2000 	C:\Windows\System32\bcryptPrimitives.dll
0x00007fff87340000 - 0x00007fff8734f000 	c:\Users\Admin\.vscode\extensions\redhat.java-1.52.0-win32-x64\jre\21.0.9-win32-x86_64\bin\instrument.dll
0x00007fff71ee0000 - 0x00007fff71f00000 	c:\Users\Admin\.vscode\extensions\redhat.java-1.52.0-win32-x64\jre\21.0.9-win32-x86_64\bin\java.dll
0x00007fff94630000 - 0x00007fff94d73000 	C:\Windows\System32\SHELL32.dll
0x00007fff90880000 - 0x00007fff91015000 	C:\Windows\SYSTEM32\windows.storage.dll
0x00007fff93520000 - 0x00007fff93874000 	C:\Windows\System32\combase.dll
0x00007fff921d0000 - 0x00007fff92200000 	C:\Windows\SYSTEM32\Wldp.dll
0x00007fff94d80000 - 0x00007fff94e2d000 	C:\Windows\System32\SHCORE.dll
0x00007fff932c0000 - 0x00007fff93315000 	C:\Windows\System32\shlwapi.dll
0x00007fff926b0000 - 0x00007fff926cf000 	C:\Windows\SYSTEM32\profapi.dll
0x00007fff71e80000 - 0x00007fff71e98000 	c:\Users\Admin\.vscode\extensions\redhat.java-1.52.0-win32-x64\jre\21.0.9-win32-x86_64\bin\zip.dll
0x00007fff7f4b0000 - 0x00007fff7f4c0000 	C:\Users\Admin\.vscode\extensions\redhat.java-1.52.0-win32-x64\jre\21.0.9-win32-x86_64\bin\net.dll
0x00007fff81610000 - 0x00007fff8171a000 	C:\Windows\SYSTEM32\WINHTTP.dll
0x00007fff91f30000 - 0x00007fff91f9a000 	C:\Windows\system32\mswsock.dll
0x00007fff713d0000 - 0x00007fff713e6000 	C:\Users\Admin\.vscode\extensions\redhat.java-1.52.0-win32-x64\jre\21.0.9-win32-x86_64\bin\nio.dll
0x00007fff81760000 - 0x00007fff81770000 	c:\Users\Admin\.vscode\extensions\redhat.java-1.52.0-win32-x64\jre\21.0.9-win32-x86_64\bin\verify.dll
0x00007fff72fb0000 - 0x00007fff72ff5000 	C:\Users\Admin\AppData\Roaming\Code\User\globalStorage\redhat.java\1.52.0\config_win\org.eclipse.equinox.launcher\org.eclipse.equinox.launcher.win32.win32.x86_64_1.2.1500.v20260121-1430\eclipse_11919.dll
0x00007fff930c0000 - 0x00007fff931ea000 	C:\Windows\System32\ole32.dll
0x00007fff92120000 - 0x00007fff92138000 	C:\Windows\SYSTEM32\CRYPTSP.dll
0x00007fff917e0000 - 0x00007fff91814000 	C:\Windows\system32\rsaenh.dll
0x00007fff92af0000 - 0x00007fff92b17000 	C:\Windows\System32\bcrypt.dll
0x00007fff92670000 - 0x00007fff9269e000 	C:\Windows\SYSTEM32\USERENV.dll
0x00007fff92140000 - 0x00007fff9214c000 	C:\Windows\SYSTEM32\CRYPTBASE.dll
0x00007fff91bb0000 - 0x00007fff91beb000 	C:\Windows\SYSTEM32\IPHLPAPI.DLL
0x00007fff932b0000 - 0x00007fff932b8000 	C:\Windows\System32\NSI.dll
0x00007fff702c0000 - 0x00007fff70309000 	C:\Users\Admin\AppData\Local\Temp\jna-63116079\jna10407556534999096462.dll
0x00007fff930b0000 - 0x00007fff930b8000 	C:\Windows\System32\PSAPI.DLL
0x00007fff8c2a0000 - 0x00007fff8c2b7000 	C:\Windows\SYSTEM32\dhcpcsvc6.DLL
0x00007fff8c580000 - 0x00007fff8c59d000 	C:\Windows\SYSTEM32\dhcpcsvc.DLL
0x00007fff89a70000 - 0x00007fff89a97000 	C:\Users\Admin\.gradle\native\1def1411415f61bf3af743bc5b6707747c0891f09f0c88961ee8f79bc544acac\windows-amd64\native-platform.dll
0x00007fff7f440000 - 0x00007fff7f44a000 	C:\Users\Admin\.vscode\extensions\redhat.java-1.52.0-win32-x64\jre\21.0.9-win32-x86_64\bin\management.dll
0x00007fff7f210000 - 0x00007fff7f21c000 	C:\Users\Admin\.vscode\extensions\redhat.java-1.52.0-win32-x64\jre\21.0.9-win32-x86_64\bin\management_ext.dll

JVMTI agents:
c:\Users\Admin\.vscode\extensions\redhat.java-1.52.0-win32-x64\lombok\lombok-1.18.39-4050.jar path:c:\Users\Admin\.vscode\extensions\redhat.java-1.52.0-win32-x64\jre\21.0.9-win32-x86_64\bin\instrument.dll, loaded, initialized, instrumentlib options:none

dbghelp: loaded successfully - version: 4.0.5 - missing functions: none
symbol engine: initialized successfully - sym options: 0x614 - pdb path: .;c:\Users\Admin\.vscode\extensions\redhat.java-1.52.0-win32-x64\jre\21.0.9-win32-x86_64\bin;C:\Windows\SYSTEM32;C:\Windows\WinSxS\amd64_microsoft.windows.common-controls_6595b64144ccf1df_6.0.19041.1110_none_60b5254171f9507e;c:\Users\Admin\.vscode\extensions\redhat.java-1.52.0-win32-x64\jre\21.0.9-win32-x86_64\bin\server;C:\Users\Admin\AppData\Roaming\Code\User\globalStorage\redhat.java\1.52.0\config_win\org.eclipse.equinox.launcher\org.eclipse.equinox.launcher.win32.win32.x86_64_1.2.1500.v20260121-1430;C:\Users\Admin\AppData\Local\Temp\jna-63116079;C:\Users\Admin\.gradle\native\1def1411415f61bf3af743bc5b6707747c0891f09f0c88961ee8f79bc544acac\windows-amd64

VM Arguments:
jvm_args: --add-modules=ALL-SYSTEM --add-opens=java.base/java.util=ALL-UNNAMED --add-opens=java.base/java.lang=ALL-UNNAMED --add-opens=java.base/sun.nio.fs=ALL-UNNAMED -Declipse.application=org.eclipse.jdt.ls.core.id1 -Dosgi.bundles.defaultStartLevel=4 -Declipse.product=org.eclipse.jdt.ls.core.product -Djava.import.generatesMetadataFilesAtProjectRoot=false -DDetectVMInstallationsJob.disabled=true -Dfile.encoding=utf8 -XX:+UseParallelGC -XX:GCTimeRatio=4 -XX:AdaptiveSizePolicyWeight=90 -Dsun.zip.disableMemoryMapping=true -Xmx2G -Xms100m -Xlog:disable -javaagent:c:\Users\Admin\.vscode\extensions\redhat.java-1.52.0-win32-x64\lombok\lombok-1.18.39-4050.jar -XX:+HeapDumpOnOutOfMemoryError -XX:HeapDumpPath=c:\Users\Admin\AppData\Roaming\Code\User\workspaceStorage\dc31cb80f0d8e16a4af133b50077c522\redhat.java -Daether.dependencyCollector.impl=bf 
java_command: c:\Users\Admin\.vscode\extensions\redhat.java-1.52.0-win32-x64\server\plugins\org.eclipse.equinox.launcher_1.7.100.v20251111-0406.jar -configuration c:\Users\Admin\AppData\Roaming\Code\User\globalStorage\redhat.java\1.52.0\config_win -data c:\Users\Admin\AppData\Roaming\Code\User\workspaceStorage\dc31cb80f0d8e16a4af133b50077c522\redhat.java\jdt_ws --pipe=\\.\pipe\lsp-8117539f7fe6c869ba84c7da2a50b906-sock
java_class_path (initial): c:\Users\Admin\.vscode\extensions\redhat.java-1.52.0-win32-x64\server\plugins\org.eclipse.equinox.launcher_1.7.100.v20251111-0406.jar
Launcher Type: SUN_STANDARD

[Global flags]
    uintx AdaptiveSizePolicyWeight                 = 90                                        {product} {command line}
     intx CICompilerCount                          = 4                                         {product} {ergonomic}
    uintx GCTimeRatio                              = 4                                         {product} {command line}
     bool HeapDumpOnOutOfMemoryError               = true                                   {manageable} {command line}
    ccstr HeapDumpPath                             = c:\Users\Admin\AppData\Roaming\Code\User\workspaceStorage\dc31cb80f0d8e16a4af133b50077c522\redhat.java         {manageable} {command line}
   size_t InitialHeapSize                          = 104857600                                 {product} {command line}
   size_t MaxHeapSize                              = 2147483648                                {product} {command line}
   size_t MaxNewSize                               = 715653120                                 {product} {ergonomic}
   size_t MinHeapDeltaBytes                        = 524288                                    {product} {ergonomic}
   size_t MinHeapSize                              = 104857600                                 {product} {command line}
   size_t NewSize                                  = 34603008                                  {product} {ergonomic}
    uintx NonNMethodCodeHeapSize                   = 5839372                                {pd product} {ergonomic}
    uintx NonProfiledCodeHeapSize                  = 122909434                              {pd product} {ergonomic}
   size_t OldSize                                  = 70254592                                  {product} {ergonomic}
    uintx ProfiledCodeHeapSize                     = 122909434                              {pd product} {ergonomic}
    uintx ReservedCodeCacheSize                    = 251658240                              {pd product} {ergonomic}
     bool SegmentedCodeCache                       = true                                      {product} {ergonomic}
   size_t SoftMaxHeapSize                          = 2147483648                             {manageable} {ergonomic}
     bool UseCompressedOops                        = true                           {product lp64_product} {ergonomic}
     bool UseLargePagesIndividualAllocation        = false                                  {pd product} {ergonomic}
     bool UseParallelGC                            = true                                      {product} {command line}

Logging:
Log output configuration:
 #0: stdout all=off uptime,level,tags foldmultilines=false
 #1: stderr all=off uptime,level,tags foldmultilines=false

Release file:
JAVA_VERSION="21.0.9" 
MODULES="java.base java.compiler java.datatransfer java.xml java.prefs java.desktop java.instrument java.logging java.management java.security.sasl java.naming java.rmi java.management.rmi java.net.http java.scripting java.security.jgss java.transaction.xa java.sql java.sql.rowset java.xml.crypto java.se java.smartcardio jdk.accessibility jdk.internal.jvmstat jdk.attach jdk.charsets jdk.internal.opt jdk.zipfs jdk.compiler jdk.crypto.ec jdk.crypto.cryptoki jdk.crypto.mscapi jdk.dynalink jdk.internal.ed jdk.editpad jdk.hotspot.agent jdk.httpserver jdk.internal.le jdk.internal.vm.ci jdk.internal.vm.compiler jdk.internal.vm.compiler.management jdk.jartool jdk.javadoc jdk.jcmd jdk.management jdk.management.agent jdk.jconsole jdk.jdeps jdk.jdwp.agent jdk.jdi jdk.jfr jdk.jshell jdk.jsobject jdk.jstatd jdk.localedata jdk.management.jfr jdk.naming.dns jdk.naming.rmi jdk.net jdk.nio.mapmode jdk.random jdk.sctp jdk.security.auth jdk.security.jgss jdk.unsupported jdk.unsupported.desktop jdk.xml.dom" 

Environment Variables:
JAVA_HOME=C:\Users\Admin\.jdk\jdk-21.0.8
PATH=C:\Program Files\Eclipse Adoptium\jdk-17.0.17.10-hotspot\bin;C:\Program Files (x86)\Common Files\Intel\Shared Libraries\redist\intel64\compiler;C:\Windows\system32;C:\Windows;C:\Windows\System32\Wbem;C:\Windows\System32\WindowsPowerShell\v1.0\;C:\Windows\System32\OpenSSH\;C:\Program Files\nodejs\;C:\Program Files\Git\cmd;C:\Program Files\Microsoft SQL Server\150\Tools\Binn\;C:\Users\Admin\AppData\Local\Microsoft\WindowsApps;C:\Users\Admin\AppData\Local\Programs\Microsoft VS Code\bin;C:\Users\Admin\AppData\Local\GitHubDesktop\bin;C:\Users\Admin\AppData\Roaming\npm;C:\Users\Admin\.dotnet\tools;C:\Users\Admin\AppData\Local\Android\Sdk\platform-tools;C:\android\platform-tools;C:\android\platform-tools
USERNAME=Admin
OS=Windows_NT
PROCESSOR_IDENTIFIER=Intel64 Family 6 Model 151 Stepping 5, GenuineIntel
TMP=C:\Users\Admin\AppData\Local\Temp
TEMP=C:\Users\Admin\AppData\Local\Temp




Periodic native trim disabled

---------------  S Y S T E M  ---------------

OS:
 Windows 10 , 64 bit Build 19041 (10.0.19041.1889)
OS uptime: 14 days 7:29 hours

CPU: total 12 (initial active 12) (6 cores per cpu, 2 threads per core) family 6 model 151 stepping 5 microcode 0x35, cx8, cmov, fxsr, ht, mmx, 3dnowpref, sse, sse2, sse3, ssse3, sse4.1, sse4.2, popcnt, lzcnt, tsc, tscinvbit, avx, avx2, aes, erms, clmul, bmi1, bmi2, adx, sha, fma, vzeroupper, clflush, clflushopt, clwb, serialize, rdtscp, rdpid, fsrm, f16c, pku, cet_ibt, cet_ss
Processor Information for the first 12 processors :
  Max Mhz: 2500, Current Mhz: 2500, Mhz Limit: 2500

Memory: 4k page, system-wide physical 16125M (553M free)
TotalPageFile size 65277M (AvailPageFile size 4M)
current process WorkingSet (physical memory assigned to process): 56M, peak: 562M
current process commit charge ("private bytes"): 686M, peak: 753M

vm_info: OpenJDK 64-Bit Server VM (21.0.9+10-LTS) for windows-amd64 JRE (21.0.9+10-LTS), built on 2025-10-21T00:00:00Z by "admin" with unknown MS VC++:1942

END.
